d:\work\git_repositories\hfst\bin\qcmnr\win32-debug\qrc_qcmnr.obj
d:\work\git_repositories\hfst\bin\qcmnr\win32-debug\moc_qcmnr.obj
d:\work\git_repositories\hfst\bin\qcmnr\win32-debug\vc142.pdb
d:\work\git_repositories\hfst\bin\qcmnr\win32-debug\qrc_resource.obj
d:\work\git_repositories\hfst\bin\qcmnr\win32-debug\moc_infowidget.obj
d:\work\git_repositories\hfst\bin\qcmnr\win32-debug\qcmnr.obj
d:\work\git_repositories\hfst\bin\qcmnr\win32-debug\infodialog.obj
d:\work\git_repositories\hfst\bin\qcmnr\win32-debug\main.obj
d:\work\git_repositories\hfst\bin\qcmnr\win32-debug\moc_infodialog.obj
d:\work\git_repositories\hfst\bin\win32-debug\qcmnr.exe
d:\work\git_repositories\hfst\bin\win32-debug\qcmnr.ilk
d:\work\git_repositories\hfst\bin\win32-debug\qcmnr.pdb
d:\work\git_repositories\hfst\bin\qcmnr\win32-debug\moc\moc_qcmnr.cpp
d:\work\git_repositories\hfst\bin\qcmnr\win32-debug\moc\moc_infodialog.cpp
d:\work\git_repositories\hfst\bin\qcmnr\win32-debug\uic\ui_qcmnr.h
d:\work\git_repositories\hfst\bin\qcmnr\win32-debug\rcc\qrc_qcmnr.cpp
d:\work\git_repositories\hfst\bin\win32-debug\qcmnr.lib
d:\work\git_repositories\hfst\bin\win32-debug\qcmnr.exp
d:\work\git_repositories\hfst\bin\qcmnr\win32-debug\rcc\qrc_resource.cpp
d:\work\git_repositories\hfst\bin\qcmnr\win32-debug\uic\ui_dialogbuttonbottom.h
d:\work\git_repositories\hfst\bin\qcmnr\win32-debug\uic\ui_infowidget.h
d:\work\git_repositories\hfst\bin\qcmnr\win32-debug\moc\moc_infowidget.cpp
d:\work\git_repositories\hfst\bin\qcmnr\win32-debug\uic\ui_infodialog.h
d:\work\git_repositories\hfst\bin\qcmnr\win32-debug\infowidget.obj
d:\work\git_repositories\hfst\bin\qcmnr\win32-debug\qcmnr.tlog\cl.command.1.tlog
d:\work\git_repositories\hfst\bin\qcmnr\win32-debug\qcmnr.tlog\cl.read.1.tlog
d:\work\git_repositories\hfst\bin\qcmnr\win32-debug\qcmnr.tlog\cl.write.1.tlog
d:\work\git_repositories\hfst\bin\qcmnr\win32-debug\qcmnr.tlog\link.command.1.tlog
d:\work\git_repositories\hfst\bin\qcmnr\win32-debug\qcmnr.tlog\link.read.1.tlog
d:\work\git_repositories\hfst\bin\qcmnr\win32-debug\qcmnr.tlog\link.write.1.tlog
d:\work\git_repositories\hfst\bin\qcmnr\win32-debug\qcmnr.tlog\moc.read.1u.tlog
d:\work\git_repositories\hfst\bin\qcmnr\win32-debug\qcmnr.tlog\moc.write.1u.tlog
d:\work\git_repositories\hfst\bin\qcmnr\win32-debug\qcmnr.tlog\qcmnr.write.1u.tlog
d:\work\git_repositories\hfst\bin\qcmnr\win32-debug\qcmnr.tlog\rcc.read.1u.tlog
d:\work\git_repositories\hfst\bin\qcmnr\win32-debug\qcmnr.tlog\rcc.write.1u.tlog
d:\work\git_repositories\hfst\bin\qcmnr\win32-debug\qcmnr.tlog\uic.read.1u.tlog
d:\work\git_repositories\hfst\bin\qcmnr\win32-debug\qcmnr.tlog\uic.write.1u.tlog
