D:\My\UDT\bin\Win32-Debug\\Qt5Cored.dll
D:\My\UDT\bin\Win32-Debug\\Qt5Guid.dll
D:\My\UDT\bin\Win32-Debug\\Qt5Svgd.dll
D:\My\UDT\bin\Win32-Debug\\Qt5Widgetsd.dll
D:\My\UDT\bin\Win32-Debug\\libGLESv2d.dll
D:\My\UDT\bin\Win32-Debug\\libEGLd.dll
D:\My\UDT\bin\Win32-Debug\\D3Dcompiler_47.dll
D:\My\UDT\bin\Win32-Debug\\opengl32sw.dll
D:\My\UDT\bin\Win32-Debug\iconengines\qsvgicond.dll
D:\My\UDT\bin\Win32-Debug\imageformats\qgifd.dll
D:\My\UDT\bin\Win32-Debug\imageformats\qicnsd.dll
D:\My\UDT\bin\Win32-Debug\imageformats\qicod.dll
D:\My\UDT\bin\Win32-Debug\imageformats\qjpegd.dll
D:\My\UDT\bin\Win32-Debug\imageformats\qsvgd.dll
D:\My\UDT\bin\Win32-Debug\imageformats\qtgad.dll
D:\My\UDT\bin\Win32-Debug\imageformats\qtiffd.dll
D:\My\UDT\bin\Win32-Debug\imageformats\qwbmpd.dll
D:\My\UDT\bin\Win32-Debug\imageformats\qwebpd.dll
D:\My\UDT\bin\Win32-Debug\platforms\qwindowsd.dll
D:\My\UDT\bin\Win32-Debug\styles\qwindowsvistastyled.dll
D:\My\UDT\bin\Win32-Debug\translations\qt_ar.qm
D:\My\UDT\bin\Win32-Debug\translations\qtbase_ar.qm
D:\My\UDT\bin\Win32-Debug\translations\qt_bg.qm
D:\My\UDT\bin\Win32-Debug\translations\qtbase_bg.qm
D:\My\UDT\bin\Win32-Debug\translations\qt_ca.qm
D:\My\UDT\bin\Win32-Debug\translations\qtbase_ca.qm
D:\My\UDT\bin\Win32-Debug\translations\qt_cs.qm
D:\My\UDT\bin\Win32-Debug\translations\qtbase_cs.qm
D:\My\UDT\bin\Win32-Debug\translations\qt_da.qm
D:\My\UDT\bin\Win32-Debug\translations\qtbase_da.qm
D:\My\UDT\bin\Win32-Debug\translations\qt_de.qm
D:\My\UDT\bin\Win32-Debug\translations\qtbase_de.qm
D:\My\UDT\bin\Win32-Debug\translations\qt_en.qm
D:\My\UDT\bin\Win32-Debug\translations\qtbase_en.qm
D:\My\UDT\bin\Win32-Debug\translations\qt_es.qm
D:\My\UDT\bin\Win32-Debug\translations\qtbase_es.qm
D:\My\UDT\bin\Win32-Debug\translations\qt_fi.qm
D:\My\UDT\bin\Win32-Debug\translations\qtbase_fi.qm
D:\My\UDT\bin\Win32-Debug\translations\qt_fr.qm
D:\My\UDT\bin\Win32-Debug\translations\qtbase_fr.qm
D:\My\UDT\bin\Win32-Debug\translations\qt_gd.qm
D:\My\UDT\bin\Win32-Debug\translations\qtbase_gd.qm
D:\My\UDT\bin\Win32-Debug\translations\qt_he.qm
D:\My\UDT\bin\Win32-Debug\translations\qtbase_he.qm
D:\My\UDT\bin\Win32-Debug\translations\qt_hu.qm
D:\My\UDT\bin\Win32-Debug\translations\qtbase_hu.qm
D:\My\UDT\bin\Win32-Debug\translations\qt_it.qm
D:\My\UDT\bin\Win32-Debug\translations\qtbase_it.qm
D:\My\UDT\bin\Win32-Debug\translations\qt_ja.qm
D:\My\UDT\bin\Win32-Debug\translations\qtbase_ja.qm
D:\My\UDT\bin\Win32-Debug\translations\qt_ko.qm
D:\My\UDT\bin\Win32-Debug\translations\qtbase_ko.qm
D:\My\UDT\bin\Win32-Debug\translations\qt_lv.qm
D:\My\UDT\bin\Win32-Debug\translations\qtbase_lv.qm
D:\My\UDT\bin\Win32-Debug\translations\qt_pl.qm
D:\My\UDT\bin\Win32-Debug\translations\qtbase_pl.qm
D:\My\UDT\bin\Win32-Debug\translations\qt_ru.qm
D:\My\UDT\bin\Win32-Debug\translations\qtbase_ru.qm
D:\My\UDT\bin\Win32-Debug\translations\qt_sk.qm
D:\My\UDT\bin\Win32-Debug\translations\qtbase_sk.qm
D:\My\UDT\bin\Win32-Debug\translations\qt_tr.qm
D:\My\UDT\bin\Win32-Debug\translations\qtbase_tr.qm
D:\My\UDT\bin\Win32-Debug\translations\qt_uk.qm
D:\My\UDT\bin\Win32-Debug\translations\qtbase_uk.qm
D:\My\UDT\bin\Win32-Debug\translations\qt_zh_TW.qm
D:\My\UDT\bin\Win32-Debug\translations\qtbase_zh_TW.qm
